[debug] [2019-07-07T03:32:18.169Z] ----------------------------------------------------------------------
[debug] [2019-07-07T03:32:18.172Z] Command:       C:\Program Files\nodejs\node.exe C:\Users\ximing\AppData\Roaming\npm\node_modules\firebase-tools\lib\bin\firebase.js serve
[debug] [2019-07-07T03:32:18.173Z] CLI Version:   7.0.2
[debug] [2019-07-07T03:32:18.173Z] Platform:      win32
[debug] [2019-07-07T03:32:18.173Z] Node Version:  v10.15.2
[debug] [2019-07-07T03:32:18.178Z] Time:          Sun Jul 07 2019 12:32:18 GMT+0900 (GMT+09:00)
[debug] [2019-07-07T03:32:18.178Z] ----------------------------------------------------------------------
[debug] 
[debug] [2019-07-07T03:32:18.202Z] > command requires scopes: ["email","openid","https://www.googleapis.com/auth/cloudplatformprojects.readonly","https://www.googleapis.com/auth/firebase","https://www.googleapis.com/auth/cloud-platform"]
[debug] [2019-07-07T03:32:18.203Z] > authorizing via signed-in user
[debug] [2019-07-07T03:32:18.203Z] [iam] checking project logical-fabric for permissions ["firebase.projects.get"]
[debug] [2019-07-07T03:32:18.205Z] > refreshing access token with scopes: ["email","https://www.googleapis.com/auth/cloud-platform","https://www.googleapis.com/auth/cloudplatformprojects.readonly","https://www.googleapis.com/auth/firebase","openid"]
[debug] [2019-07-07T03:32:18.206Z] >>> HTTP REQUEST POST https://www.googleapis.com/oauth2/v3/token  
 <request body omitted>
[debug] [2019-07-07T03:32:18.688Z] <<< HTTP RESPONSE 200
[debug] [2019-07-07T03:32:18.697Z] >>> HTTP REQUEST POST https://cloudresourcemanager.googleapis.com/v1/projects/logical-fabric:testIamPermissions  

[debug] [2019-07-07T03:32:19.667Z] <<< HTTP RESPONSE 200
[debug] [2019-07-07T03:32:19.669Z] >>> HTTP REQUEST GET https://cloudresourcemanager.googleapis.com/v1/projects/logical-fabric  
 
[debug] [2019-07-07T03:32:20.541Z] <<< HTTP RESPONSE 200
[info] 
[info] === Serving from 'C:\Users\ximing\projects\interview\lf-image'...
[info] 
[warn] !  Your requested "node" version "8" doesn't match your global version "10"
[debug] [2019-07-07T03:32:20.554Z] >>> HTTP REQUEST GET https://mobilesdk-pa.googleapis.com/v1/projects/695552184590/clients/_:getWebAppConfig  
 
[debug] [2019-07-07T03:32:20.555Z] >>> HTTP REQUEST GET https://mobilesdk-pa.googleapis.com/v1/projects/695552184590:getServerAppConfig  
 
[debug] [2019-07-07T03:32:21.231Z] <<< HTTP RESPONSE 200
[info] +  functions: Emulator started at http://localhost:5001
[debug] [2019-07-07T03:32:21.282Z] <<< HTTP RESPONSE 200
[info] i  functions: Watching "C:\Users\ximing\projects\interview\lf-image\functions" for Cloud Functions...
[info] i  hosting: Serving hosting files from: build
[info] +  hosting: Local server: http://localhost:5000
[debug] [2019-07-07T03:32:22.255Z] Functions runtime initialized.
[debug] [2019-07-07T03:32:22.255Z] Disabled runtime features: {"functions_config_helper":true,"network_filtering":true,"timeout":true,"memory_limiting":true,"protect_env":true,"admin_stubs":true}
[warn] !  The Cloud Functions emulator requires the module "firebase-functions" to be installed. This package is in your package.json, but it's not available. You probably need to run "npm install" in your functions directory.
[info] i  functions: Your functions could not be parsed due to an issue with your node_modules (see above)
